<?xml version="1.0" encoding="UTF-8"?>
<TestRun id="ba61bd54-f924-4f42-9249-f67a9858df54" name="cavila@CIMAWKS003 2012-10-11 13:36:47" runUser="CIMAGROUP\cavila" xmlns="http://microsoft.com/schemas/VisualStudio/TeamTest/2010">
  <TestSettings name="Local" id="8c65fd7e-c833-49e0-af37-4006e2e30d8c">
    <Description>Esta es la configuración de pruebas predeterminada para una ejecución de pruebas local.</Description>
    <Deployment enabled="false" runDeploymentRoot="cavila_CIMAWKS003 2012-10-11 13_36_47">
      <DeploymentItem filename="C:\CAFSoft\Proyectos\Generador2012\BussinesObject\bin\Release\Cimagroup.Generador2012.GeneradorBussinesObject.dll" />
      <DeploymentItem filename="C:\CAFSoft\Proyectos\Generador2012\DataAccessLayer\bin\Release\Cimagroup.Generador2012.GeneradorDataAccessLayer.dll" />
      <DeploymentItem filename="C:\CAFSoft\Proyectos\Generador2012\BussinesLogic\bin\Release\Cimagroup.Generador2012.GeneradorBussinesLogic.dll" />
    </Deployment>
    <Execution>
      <TestTypeSpecific />
      <AgentRule name="Execution Agents">
      </AgentRule>
    </Execution>
  </TestSettings>
  <Times creation="2012-10-11T13:36:47.1399299-04:00" queuing="2012-10-11T13:36:49.0749299-04:00" start="2012-10-11T13:36:49.2979299-04:00" finish="2012-10-11T13:38:09.2819299-04:00" />
  <ResultSummary outcome="Error">
    <Counters total="1" executed="1" error="0" failed="0" timeout="0" aborted="1" inconclusive="0" passedButRunAborted="0" notRunnable="0" notExecuted="0" disconnected="0" warning="0" passed="0" completed="0" inProgress="0" pending="0" />
    <RunInfos>
      <RunInfo computerName="CIMAWKS003" outcome="Error" timestamp="2012-10-11T13:38:09.2749299-04:00">
        <Text>El proceso del host de pruebas terminó inesperadamente.</Text>
      </RunInfo>
    </RunInfos>
  </ResultSummary>
  <TestDefinitions>
    <UnitTest name="GenerarTest" storage="c:\cafsoft\proyectos\generador2012\modulospruebastest\bin\release\modulospruebastest.dll" id="6ab5866c-2f76-d884-8010-a5c827ca6ed2">
      <Execution id="f9de035d-1551-49a6-8909-200cb8ed5ada" />
      <TestMethod codeBase="C:/CAFSoft/Proyectos/Generador2012/ModulosPruebasTest/bin/Release/ModulosPruebasTest.DLL" adapterTypeName="Microsoft.VisualStudio.TestTools.TestTypes.Unit.UnitTestAdapter, Microsoft.VisualStudio.QualityTools.Tips.UnitTest.Adapter, Version=10.0.0.0, Culture=neutral, PublicKeyToken=b03f5f7f11d50a3a" className="ModulosPruebasTest.UnitTestTest, ModulosPruebasTest, Version=1.0.0.0, Culture=neutral, PublicKeyToken=null" name="GenerarTest" />
    </UnitTest>
  </TestDefinitions>
  <TestLists>
    <TestList name="Resultados que no están en la lista" id="8c84fa94-04c1-424b-9868-57a2d4851a1d" />
    <TestList name="Todos los resultados cargados" id="19431567-8539-422a-85d7-44ee4e166bda" />
  </TestLists>
  <TestEntries>
    <TestEntry testId="6ab5866c-2f76-d884-8010-a5c827ca6ed2" executionId="f9de035d-1551-49a6-8909-200cb8ed5ada" testListId="8c84fa94-04c1-424b-9868-57a2d4851a1d" />
  </TestEntries>
  <Results>
    <UnitTestResult executionId="f9de035d-1551-49a6-8909-200cb8ed5ada" testId="6ab5866c-2f76-d884-8010-a5c827ca6ed2" testName="GenerarTest" computerName="CIMAWKS003" duration="00:01:19.8120000" startTime="2012-10-11T13:36:49.4699299-04:00" endTime="2012-10-11T13:38:09.2819299-04:00" testType="13cdc9d9-ddb5-4fa4-a97d-d965ccfc6d4b" outcome="Aborted" testListId="8c84fa94-04c1-424b-9868-57a2d4851a1d" relativeResultsDirectory="f9de035d-1551-49a6-8909-200cb8ed5ada">
    </UnitTestResult>
  </Results>
</TestRun>