<?xml version="1.0" encoding="UTF-8"?>
<TestRun id="f14fcc8b-99cf-4432-b503-cc86bbb120b5" name="cavila@CIMAWKS003 2012-10-18 11:45:23" runUser="CIMAGROUP\cavila" xmlns="http://microsoft.com/schemas/VisualStudio/TeamTest/2010">
  <TestSettings name="Local" id="8c65fd7e-c833-49e0-af37-4006e2e30d8c">
    <Description>Esta es la configuración de pruebas predeterminada para una ejecución de pruebas local.</Description>
    <Deployment enabled="false" runDeploymentRoot="cavila_CIMAWKS003 2012-10-18 11_45_23">
      <DeploymentItem filename="C:\CAFSoft\Proyectos\Generador2012\BussinesObject\bin\Release\Cimagroup.Generador2012.GeneradorBussinesObject.dll" />
      <DeploymentItem filename="C:\CAFSoft\Proyectos\Generador2012\DataAccessLayer\bin\Release\Cimagroup.Generador2012.GeneradorDataAccessLayer.dll" />
      <DeploymentItem filename="C:\CAFSoft\Proyectos\Generador2012\BussinesLogic\bin\Release\Cimagroup.Generador2012.GeneradorBussinesLogic.dll" />
    </Deployment>
    <Execution>
      <TestTypeSpecific />
      <AgentRule name="Execution Agents">
      </AgentRule>
    </Execution>
  </TestSettings>
  <Times creation="2012-10-18T11:45:23.9071148-03:00" queuing="2012-10-18T11:45:24.1551396-03:00" start="2012-10-18T11:45:24.2051446-03:00" finish="2012-10-18T11:45:25.2262467-03:00" />
  <ResultSummary outcome="Failed">
    <Counters total="2" executed="2" error="0" failed="1" timeout="0" aborted="0" inconclusive="1" passedButRunAborted="0" notRunnable="0" notExecuted="0" disconnected="0" warning="0" passed="0" completed="0" inProgress="0" pending="0" />
  </ResultSummary>
  <TestDefinitions>
    <UnitTest name="GenerarTest" storage="c:\cafsoft\proyectos\generador2012\modulospruebastest\bin\release\modulospruebastest.dll" id="6ab5866c-2f76-d884-8010-a5c827ca6ed2">
      <Execution id="1548deeb-ffb5-454f-a460-9a2dc9bd14b6" />
      <TestMethod codeBase="C:/CAFSoft/Proyectos/Generador2012/ModulosPruebasTest/bin/Release/ModulosPruebasTest.DLL" adapterTypeName="Microsoft.VisualStudio.TestTools.TestTypes.Unit.UnitTestAdapter, Microsoft.VisualStudio.QualityTools.Tips.UnitTest.Adapter, Version=10.0.0.0, Culture=neutral, PublicKeyToken=b03f5f7f11d50a3a" className="ModulosPruebasTest.UnitTestTest, ModulosPruebasTest, Version=1.0.0.0, Culture=neutral, PublicKeyToken=null" name="GenerarTest" />
    </UnitTest>
    <UnitTest name="xToStringTest" storage="c:\cafsoft\proyectos\generador2012\modulospruebastest\bin\release\modulospruebastest.dll" id="844a84fb-7138-d75b-b6b8-4044fa4e6184">
      <DeploymentItems>
        <DeploymentItem filename="Cimagroup.Generador2012.GeneradorBussinesLogic.dll" />
      </DeploymentItems>
      <Execution id="cdce4bdc-9b9a-45ca-ae45-7c42ebb7d944" />
      <TestMethod codeBase="C:/CAFSoft/Proyectos/Generador2012/ModulosPruebasTest/bin/Release/ModulosPruebasTest.DLL" adapterTypeName="Microsoft.VisualStudio.TestTools.TestTypes.Unit.UnitTestAdapter, Microsoft.VisualStudio.QualityTools.Tips.UnitTest.Adapter, Version=10.0.0.0, Culture=neutral, PublicKeyToken=b03f5f7f11d50a3a" className="ModulosPruebasTest.ModeloModulosTESTTest, ModulosPruebasTest, Version=1.0.0.0, Culture=neutral, PublicKeyToken=null" name="xToStringTest" />
    </UnitTest>
  </TestDefinitions>
  <TestLists>
    <TestList name="Resultados que no están en la lista" id="8c84fa94-04c1-424b-9868-57a2d4851a1d" />
    <TestList name="Todos los resultados cargados" id="19431567-8539-422a-85d7-44ee4e166bda" />
  </TestLists>
  <TestEntries>
    <TestEntry testId="6ab5866c-2f76-d884-8010-a5c827ca6ed2" executionId="1548deeb-ffb5-454f-a460-9a2dc9bd14b6" testListId="8c84fa94-04c1-424b-9868-57a2d4851a1d" />
    <TestEntry testId="844a84fb-7138-d75b-b6b8-4044fa4e6184" executionId="cdce4bdc-9b9a-45ca-ae45-7c42ebb7d944" testListId="8c84fa94-04c1-424b-9868-57a2d4851a1d" />
  </TestEntries>
  <Results>
    <UnitTestResult executionId="1548deeb-ffb5-454f-a460-9a2dc9bd14b6" testId="6ab5866c-2f76-d884-8010-a5c827ca6ed2" testName="GenerarTest" computerName="CIMAWKS003" duration="00:00:00.4301437" startTime="2012-10-18T11:45:24.2321473-03:00" endTime="2012-10-18T11:45:25.1212362-03:00" testType="13cdc9d9-ddb5-4fa4-a97d-d965ccfc6d4b" outcome="Inconclusive" testListId="8c84fa94-04c1-424b-9868-57a2d4851a1d" relativeResultsDirectory="1548deeb-ffb5-454f-a460-9a2dc9bd14b6">
      <Output>
        <ErrorInfo>
          <Message>Error de Assert.Inconclusive. Un método que no devuelve ningún valor no se puede comprobar.</Message>
          <StackTrace>   en ModulosPruebasTest.UnitTestTest.GenerarTest() en C:\CAFSoft\Proyectos\Generador2012\ModulosPruebasTest\UnitTestTest.vb:línea 62
</StackTrace>
        </ErrorInfo>
      </Output>
    </UnitTestResult>
    <UnitTestResult executionId="cdce4bdc-9b9a-45ca-ae45-7c42ebb7d944" testId="844a84fb-7138-d75b-b6b8-4044fa4e6184" testName="xToStringTest" computerName="CIMAWKS003" duration="00:00:00.0296936" startTime="2012-10-18T11:45:25.1262367-03:00" endTime="2012-10-18T11:45:25.1722413-03:00" testType="13cdc9d9-ddb5-4fa4-a97d-d965ccfc6d4b" outcome="Failed" testListId="8c84fa94-04c1-424b-9868-57a2d4851a1d" relativeResultsDirectory="cdce4bdc-9b9a-45ca-ae45-7c42ebb7d944">
      <Output>
        <ErrorInfo>
          <Message>El método de prueba ModulosPruebasTest.ModeloModulosTESTTest.xToStringTest produjo la excepción: 
System.NullReferenceException: Referencia a objeto no establecida como instancia de un objeto.</Message>
          <StackTrace>   en Cimagroup.Generador2012.GeneradorModulosPruebas.ModeloModulosTEST_Accessor.xToString(Object&amp; tipoCampo, Object&amp; cantidad)
   en ModulosPruebasTest.ModeloModulosTESTTest.xToStringTest() en C:\CAFSoft\Proyectos\Generador2012\ModulosPruebasTest\ModeloModulosTESTTest.vb:línea 71
</StackTrace>
        </ErrorInfo>
      </Output>
    </UnitTestResult>
  </Results>
</TestRun>