<?xml version="1.0" encoding="UTF-8"?>
<TestRun id="487e1874-1c23-4d8c-b5dc-5a5300cd9eb8" name="cavila@CIMAWKS003 2012-10-11 09:02:40" runUser="CIMAGROUP\cavila" xmlns="http://microsoft.com/schemas/VisualStudio/TeamTest/2010">
  <TestSettings name="Local" id="8c65fd7e-c833-49e0-af37-4006e2e30d8c">
    <Description>Esta es la configuración de pruebas predeterminada para una ejecución de pruebas local.</Description>
    <Deployment enabled="false" runDeploymentRoot="cavila_CIMAWKS003 2012-10-11 09_02_40">
      <DeploymentItem filename="C:\CAFSoft\Proyectos\Generador2012\BussinesObject\bin\Release\Cimagroup.Generador2012.GeneradorBussinesObject.dll" />
      <DeploymentItem filename="C:\CAFSoft\Proyectos\Generador2012\DataAccessLayer\bin\Release\Cimagroup.Generador2012.GeneradorDataAccessLayer.dll" />
      <DeploymentItem filename="C:\CAFSoft\Proyectos\Generador2012\BussinesLogic\bin\Release\Cimagroup.Generador2012.GeneradorBussinesLogic.dll" />
    </Deployment>
    <Execution>
      <TestTypeSpecific />
      <AgentRule name="Execution Agents">
      </AgentRule>
    </Execution>
  </TestSettings>
  <Times creation="2012-10-11T09:02:40.5586086-04:00" queuing="2012-10-11T09:02:43.0163457-04:00" start="2012-10-11T09:02:43.1503859-04:00" finish="2012-10-11T09:02:44.2807249-04:00" />
  <ResultSummary outcome="Inconclusive">
    <Counters total="1" executed="1" error="0" failed="0" timeout="0" aborted="0" inconclusive="1" passedButRunAborted="0" notRunnable="0" notExecuted="0" disconnected="0" warning="0" passed="0" completed="0" inProgress="0" pending="0" />
  </ResultSummary>
  <TestDefinitions>
    <UnitTest name="GeneradorModulosPruebasConstructorTest" storage="c:\cafsoft\proyectos\generador2012\modulospruebastest\bin\release\modulospruebastest.dll" id="1baf684c-476a-a486-c39f-aab6f332bcb3">
      <Execution id="58e133ba-a288-4b5f-b620-ffa0afd4d7f7" />
      <TestMethod codeBase="C:/CAFSoft/Proyectos/Generador2012/ModulosPruebasTest/bin/Release/ModulosPruebasTest.DLL" adapterTypeName="Microsoft.VisualStudio.TestTools.TestTypes.Unit.UnitTestAdapter, Microsoft.VisualStudio.QualityTools.Tips.UnitTest.Adapter, Version=10.0.0.0, Culture=neutral, PublicKeyToken=b03f5f7f11d50a3a" className="ModulosPruebasTest.GeneradorModulosPruebasTest, ModulosPruebasTest, Version=1.0.0.0, Culture=neutral, PublicKeyToken=null" name="GeneradorModulosPruebasConstructorTest" />
    </UnitTest>
  </TestDefinitions>
  <TestLists>
    <TestList name="Resultados que no están en la lista" id="8c84fa94-04c1-424b-9868-57a2d4851a1d" />
    <TestList name="Todos los resultados cargados" id="19431567-8539-422a-85d7-44ee4e166bda" />
  </TestLists>
  <TestEntries>
    <TestEntry testId="1baf684c-476a-a486-c39f-aab6f332bcb3" executionId="58e133ba-a288-4b5f-b620-ffa0afd4d7f7" testListId="8c84fa94-04c1-424b-9868-57a2d4851a1d" />
  </TestEntries>
  <Results>
    <UnitTestResult executionId="58e133ba-a288-4b5f-b620-ffa0afd4d7f7" testId="1baf684c-476a-a486-c39f-aab6f332bcb3" testName="GeneradorModulosPruebasConstructorTest" computerName="CIMAWKS003" duration="00:00:00.2003448" startTime="2012-10-11T09:02:43.3104339-04:00" endTime="2012-10-11T09:02:44.1596886-04:00" testType="13cdc9d9-ddb5-4fa4-a97d-d965ccfc6d4b" outcome="Inconclusive" testListId="8c84fa94-04c1-424b-9868-57a2d4851a1d" relativeResultsDirectory="58e133ba-a288-4b5f-b620-ffa0afd4d7f7">
      <Output>
        <ErrorInfo>
          <Message>Error de Assert.Inconclusive. TODO: Implementar código para comprobar el destino</Message>
          <StackTrace>   en ModulosPruebasTest.GeneradorModulosPruebasTest.GeneradorModulosPruebasConstructorTest() en C:\CAFSoft\Proyectos\Generador2012\ModulosPruebasTest\GeneradorModulosPruebasTest.vb:línea 63
</StackTrace>
        </ErrorInfo>
      </Output>
    </UnitTestResult>
  </Results>
</TestRun>