<?xml version="1.0" encoding="UTF-8"?>
<TestRun id="1079465f-8f31-4684-a437-866ace850abd" name="cavila@CIMAWKS003 2012-10-11 10:54:16" runUser="CIMAGROUP\cavila" xmlns="http://microsoft.com/schemas/VisualStudio/TeamTest/2010">
  <TestSettings name="Local" id="8c65fd7e-c833-49e0-af37-4006e2e30d8c">
    <Description>Esta es la configuración de pruebas predeterminada para una ejecución de pruebas local.</Description>
    <Deployment enabled="false" runDeploymentRoot="cavila_CIMAWKS003 2012-10-11 10_54_16">
      <DeploymentItem filename="C:\CAFSoft\Proyectos\Generador2012\BussinesObject\bin\Release\Cimagroup.Generador2012.GeneradorBussinesObject.dll" />
      <DeploymentItem filename="C:\CAFSoft\Proyectos\Generador2012\DataAccessLayer\bin\Release\Cimagroup.Generador2012.GeneradorDataAccessLayer.dll" />
      <DeploymentItem filename="C:\CAFSoft\Proyectos\Generador2012\BussinesLogic\bin\Release\Cimagroup.Generador2012.GeneradorBussinesLogic.dll" />
    </Deployment>
    <Execution>
      <TestTypeSpecific />
      <AgentRule name="Execution Agents">
      </AgentRule>
    </Execution>
  </TestSettings>
  <Times creation="2012-10-11T10:54:16.7201665-04:00" queuing="2012-10-11T10:54:16.8021747-04:00" start="2012-10-11T10:54:16.8251770-04:00" finish="2012-10-11T10:54:17.4322377-04:00" />
  <ResultSummary outcome="Failed">
    <Counters total="1" executed="1" error="0" failed="1" timeout="0" aborted="0" inconclusive="0" passedButRunAborted="0" notRunnable="0" notExecuted="0" disconnected="0" warning="0" passed="0" completed="0" inProgress="0" pending="0" />
  </ResultSummary>
  <TestDefinitions>
    <UnitTest name="GenerarTest" storage="c:\cafsoft\proyectos\generador2012\modulospruebastest\bin\release\modulospruebastest.dll" id="6ab5866c-2f76-d884-8010-a5c827ca6ed2">
      <Execution id="86799295-82a2-4f52-9a65-4dbe06f6166a" />
      <TestMethod codeBase="C:/CAFSoft/Proyectos/Generador2012/ModulosPruebasTest/bin/Release/ModulosPruebasTest.DLL" adapterTypeName="Microsoft.VisualStudio.TestTools.TestTypes.Unit.UnitTestAdapter, Microsoft.VisualStudio.QualityTools.Tips.UnitTest.Adapter, Version=10.0.0.0, Culture=neutral, PublicKeyToken=b03f5f7f11d50a3a" className="ModulosPruebasTest.UnitTestTest, ModulosPruebasTest, Version=1.0.0.0, Culture=neutral, PublicKeyToken=null" name="GenerarTest" />
    </UnitTest>
  </TestDefinitions>
  <TestLists>
    <TestList name="Resultados que no están en la lista" id="8c84fa94-04c1-424b-9868-57a2d4851a1d" />
    <TestList name="Todos los resultados cargados" id="19431567-8539-422a-85d7-44ee4e166bda" />
  </TestLists>
  <TestEntries>
    <TestEntry testId="6ab5866c-2f76-d884-8010-a5c827ca6ed2" executionId="86799295-82a2-4f52-9a65-4dbe06f6166a" testListId="8c84fa94-04c1-424b-9868-57a2d4851a1d" />
  </TestEntries>
  <Results>
    <UnitTestResult executionId="86799295-82a2-4f52-9a65-4dbe06f6166a" testId="6ab5866c-2f76-d884-8010-a5c827ca6ed2" testName="GenerarTest" computerName="CIMAWKS003" duration="00:00:00.2372405" startTime="2012-10-11T10:54:16.8431788-04:00" endTime="2012-10-11T10:54:17.3822327-04:00" testType="13cdc9d9-ddb5-4fa4-a97d-d965ccfc6d4b" outcome="Failed" testListId="8c84fa94-04c1-424b-9868-57a2d4851a1d" relativeResultsDirectory="86799295-82a2-4f52-9a65-4dbe06f6166a">
      <Output>
        <ErrorInfo>
          <Message>Error de Assert.AreEqual. Se esperaba &lt;True&gt;, pero es &lt;False&gt;. </Message>
          <StackTrace>   en ModulosPruebasTest.UnitTestTest.GenerarTest() en C:\CAFSoft\Proyectos\Generador2012\ModulosPruebasTest\UnitTestTest.vb:línea 63
</StackTrace>
        </ErrorInfo>
      </Output>
    </UnitTestResult>
  </Results>
</TestRun>